##########################################
mercredi 4 décembre 2013, 17:04:00 (UTC+0100)
##########################################

##########################################
mercredi 4 décembre 2013, 17:04:30 (UTC+0100)
##########################################

##########################################
mercredi 4 décembre 2013, 17:04:59 (UTC+0100)
##########################################

##########################################
jeudi 5 décembre 2013, 21:36:15 (UTC+0100)
##########################################

##########################################
jeudi 5 décembre 2013, 23:16:44 (UTC+0100)
##########################################

##########################################
samedi 7 décembre 2013, 23:51:03 (UTC+0100)
##########################################

##########################################
samedi 7 décembre 2013, 23:52:37 (UTC+0100)
##########################################

##########################################
mardi 10 décembre 2013, 22:16:21 (UTC+0100)
##########################################

##########################################
mardi 10 décembre 2013, 22:16:31 (UTC+0100)
##########################################

##########################################
mardi 10 décembre 2013, 22:16:49 (UTC+0100)
##########################################

##########################################
mercredi 11 décembre 2013, 22:07:16 (UTC+0100)
##########################################

##########################################
mercredi 11 décembre 2013, 22:17:31 (UTC+0100)
##########################################

##########################################
mercredi 11 décembre 2013, 22:21:22 (UTC+0100)
##########################################

##########################################
mercredi 11 décembre 2013, 22:28:44 (UTC+0100)
##########################################

##########################################
mercredi 11 décembre 2013, 23:45:20 (UTC+0100)
##########################################

##########################################
mercredi 11 décembre 2013, 23:45:57 (UTC+0100)
##########################################

##########################################
jeudi 12 décembre 2013, 01:33:16 (UTC+0100)
##########################################

##########################################
jeudi 12 décembre 2013, 01:36:51 (UTC+0100)
##########################################

##########################################
jeudi 12 décembre 2013, 22:25:01 (UTC+0100)
##########################################

##########################################
jeudi 12 décembre 2013, 22:33:04 (UTC+0100)
##########################################

##########################################
jeudi 12 décembre 2013, 22:38:26 (UTC+0100)
##########################################

##########################################
jeudi 12 décembre 2013, 22:47:17 (UTC+0100)
##########################################

##########################################
jeudi 12 décembre 2013, 22:47:32 (UTC+0100)
##########################################

##########################################
jeudi 12 décembre 2013, 22:47:46 (UTC+0100)
##########################################

##########################################
jeudi 12 décembre 2013, 22:53:29 (UTC+0100)
##########################################

##########################################
jeudi 12 décembre 2013, 22:55:01 (UTC+0100)
##########################################

##########################################
jeudi 12 décembre 2013, 22:55:44 (UTC+0100)
##########################################

##########################################
vendredi 13 décembre 2013, 00:04:46 (UTC+0100)
##########################################

##########################################
vendredi 13 décembre 2013, 00:09:23 (UTC+0100)
##########################################

##########################################
vendredi 13 décembre 2013, 00:10:32 (UTC+0100)
##########################################

##########################################
vendredi 13 décembre 2013, 00:11:59 (UTC+0100)
##########################################

##########################################
vendredi 13 décembre 2013, 00:13:55 (UTC+0100)
##########################################

##########################################
vendredi 13 décembre 2013, 00:14:49 (UTC+0100)
##########################################

##########################################
vendredi 13 décembre 2013, 00:17:02 (UTC+0100)
##########################################

##########################################
vendredi 13 décembre 2013, 00:18:26 (UTC+0100)
##########################################

##########################################
vendredi 13 décembre 2013, 00:19:18 (UTC+0100)
##########################################

##########################################
vendredi 13 décembre 2013, 00:41:15 (UTC+0100)
##########################################

##########################################
vendredi 13 décembre 2013, 00:43:59 (UTC+0100)
##########################################

##########################################
vendredi 13 décembre 2013, 00:44:50 (UTC+0100)
##########################################

##########################################
vendredi 13 décembre 2013, 00:45:35 (UTC+0100)
##########################################

##########################################
vendredi 13 décembre 2013, 00:46:37 (UTC+0100)
##########################################

##########################################
vendredi 13 décembre 2013, 00:47:26 (UTC+0100)
##########################################

##########################################
vendredi 13 décembre 2013, 00:53:52 (UTC+0100)
##########################################

##########################################
vendredi 13 décembre 2013, 00:55:08 (UTC+0100)
##########################################

##########################################
vendredi 13 décembre 2013, 00:55:57 (UTC+0100)
##########################################

##########################################
vendredi 13 décembre 2013, 00:57:22 (UTC+0100)
##########################################

##########################################
vendredi 13 décembre 2013, 01:00:36 (UTC+0100)
##########################################

##########################################
vendredi 13 décembre 2013, 01:02:22 (UTC+0100)
##########################################

##########################################
vendredi 13 décembre 2013, 01:06:33 (UTC+0100)
##########################################

##########################################
vendredi 13 décembre 2013, 01:10:15 (UTC+0100)
##########################################

##########################################
vendredi 13 décembre 2013, 01:11:26 (UTC+0100)
##########################################

##########################################
vendredi 13 décembre 2013, 01:12:12 (UTC+0100)
##########################################

##########################################
vendredi 13 décembre 2013, 01:13:22 (UTC+0100)
##########################################

##########################################
vendredi 13 décembre 2013, 01:13:45 (UTC+0100)
##########################################

##########################################
vendredi 13 décembre 2013, 01:14:05 (UTC+0100)
##########################################

##########################################
vendredi 13 décembre 2013, 01:14:18 (UTC+0100)
##########################################

##########################################
vendredi 13 décembre 2013, 01:14:53 (UTC+0100)
##########################################

##########################################
vendredi 13 décembre 2013, 01:15:22 (UTC+0100)
##########################################

##########################################
vendredi 13 décembre 2013, 01:15:38 (UTC+0100)
##########################################

##########################################
vendredi 13 décembre 2013, 01:15:56 (UTC+0100)
##########################################

##########################################
vendredi 13 décembre 2013, 01:16:09 (UTC+0100)
##########################################

